2021-11-16 00:10:03.690  INFO 5364 --- [main] SpringBootCoreDataJpaMvcRest1Application : Starting TimesheetSpringBootCoreDataJpaMvcRest1Application on DESKTOP-AA2FSF5 with PID 5364 (C:\Users\Lenovo\Desktop\TimesheetProject\target\classes started by Lenovo in C:\Users\Lenovo\Desktop\TimesheetProject)
2021-11-16 00:10:03.690  INFO 5364 --- [main] SpringBootCoreDataJpaMvcRest1Application : No active profile set, falling back to default profiles: default
2021-11-16 00:10:04.690  INFO 5364 --- [main] .s.d.r.c.RepositoryConfigurationDelegate : Bootstrapping Spring Data repositories in DEFAULT mode.
2021-11-16 00:10:04.848  INFO 5364 --- [main] .s.d.r.c.RepositoryConfigurationDelegate : Finished Spring Data repository scanning in 125ms. Found 6 repository interfaces.
2021-11-16 00:10:05.363  INFO 5364 --- [main] trationDelegate$BeanPostProcessorChecker : Bean 'org.springframework.transaction.annotation.ProxyTransactionManagementConfiguration' of type [org.springframework.transaction.annotation.ProxyTransactionManagementConfiguration$$EnhancerBySpringCGLIB$$3df4c5fb] is not eligible for getting processed by all BeanPostProcessors (for example: not eligible for auto-proxying)
2021-11-16 00:10:05.894  INFO 5364 --- [main] o.s.b.w.embedded.tomcat.TomcatWebServer  : Tomcat initialized with port(s): 8085 (http)
2021-11-16 00:10:05.934  INFO 5364 --- [main] o.apache.catalina.core.StandardService   : Starting service [Tomcat]
2021-11-16 00:10:05.934  INFO 5364 --- [main] org.apache.catalina.core.StandardEngine  : Starting Servlet engine: [Apache Tomcat/9.0.17]
2021-11-16 00:10:06.184  INFO 5364 --- [main] o.a.c.c.C.[.[localhost].[/SpringMVC]     : Initializing Spring embedded WebApplicationContext
2021-11-16 00:10:06.184  INFO 5364 --- [main] o.s.web.context.ContextLoader            : Root WebApplicationContext: initialization completed in 2400 ms
2021-11-16 00:10:06.418  INFO 5364 --- [main] com.zaxxer.hikari.HikariDataSource       : HikariPool-1 - Starting...
2021-11-16 00:10:06.590  INFO 5364 --- [main] com.zaxxer.hikari.HikariDataSource       : HikariPool-1 - Start completed.
2021-11-16 00:10:06.653  INFO 5364 --- [main] o.hibernate.jpa.internal.util.LogHelper  : HHH000204: Processing PersistenceUnitInfo [
	name: default
	...]
2021-11-16 00:10:06.741  INFO 5364 --- [main] org.hibernate.Version                    : HHH000412: Hibernate Core {5.3.9.Final}
2021-11-16 00:10:06.741  INFO 5364 --- [main] org.hibernate.cfg.Environment            : HHH000206: hibernate.properties not found
2021-11-16 00:10:06.929  INFO 5364 --- [main] o.hibernate.annotations.common.Version   : HCANN000001: Hibernate Commons Annotations {5.0.4.Final}
2021-11-16 00:10:07.109  INFO 5364 --- [main] org.hibernate.dialect.Dialect            : HHH000400: Using dialect: org.hibernate.dialect.MySQL5Dialect
2021-11-16 00:10:08.177  INFO 5364 --- [main] j.LocalContainerEntityManagerFactoryBean : Initialized JPA EntityManagerFactory for persistence unit 'default'
2021-11-16 00:10:08.614  INFO 5364 --- [main] o.h.h.i.QueryTranslatorFactoryInitiator  : HHH000397: Using ASTQueryTranslatorFactory
2021-11-16 00:10:09.407  INFO 5364 --- [main] o.s.s.concurrent.ThreadPoolTaskExecutor  : Initializing ExecutorService 'applicationTaskExecutor'
2021-11-16 00:10:09.456  WARN 5364 --- [main] aWebConfiguration$JpaWebMvcConfiguration : spring.jpa.open-in-view is enabled by default. Therefore, database queries may be performed during view rendering. Explicitly configure spring.jpa.open-in-view to disable this warning
2021-11-16 00:10:09.743  INFO 5364 --- [main] o.s.b.w.embedded.tomcat.TomcatWebServer  : Tomcat started on port(s): 8085 (http) with context path '/SpringMVC'
2021-11-16 00:10:09.743  INFO 5364 --- [main] SpringBootCoreDataJpaMvcRest1Application : Started TimesheetSpringBootCoreDataJpaMvcRest1Application in 6.562 seconds (JVM running for 7.456)
2021-11-16 00:12:09.259  INFO 5364 --- [http-nio-8085-exec-1] o.a.c.c.C.[.[localhost].[/SpringMVC]     : Initializing Spring DispatcherServlet 'dispatcherServlet'
2021-11-16 00:12:09.259  INFO 5364 --- [http-nio-8085-exec-1] o.s.web.servlet.DispatcherServlet        : Initializing Servlet 'dispatcherServlet'
2021-11-16 00:12:09.272  INFO 5364 --- [http-nio-8085-exec-1] o.s.web.servlet.DispatcherServlet        : Completed initialization in 13 ms
2021-11-16 00:32:40.363  INFO 7424 --- [main] SpringBootCoreDataJpaMvcRest1Application : Starting TimesheetSpringBootCoreDataJpaMvcRest1Application on DESKTOP-AA2FSF5 with PID 7424 (C:\Users\Lenovo\Desktop\TimesheetProject\target\classes started by Lenovo in C:\Users\Lenovo\Desktop\TimesheetProject)
2021-11-16 00:32:40.363  INFO 7424 --- [main] SpringBootCoreDataJpaMvcRest1Application : No active profile set, falling back to default profiles: default
2021-11-16 00:32:41.363  INFO 7424 --- [main] .s.d.r.c.RepositoryConfigurationDelegate : Bootstrapping Spring Data repositories in DEFAULT mode.
2021-11-16 00:32:41.491  INFO 7424 --- [main] .s.d.r.c.RepositoryConfigurationDelegate : Finished Spring Data repository scanning in 110ms. Found 6 repository interfaces.
2021-11-16 00:32:41.991  INFO 7424 --- [main] trationDelegate$BeanPostProcessorChecker : Bean 'org.springframework.transaction.annotation.ProxyTransactionManagementConfiguration' of type [org.springframework.transaction.annotation.ProxyTransactionManagementConfiguration$$EnhancerBySpringCGLIB$$5976579e] is not eligible for getting processed by all BeanPostProcessors (for example: not eligible for auto-proxying)
2021-11-16 00:32:42.428  INFO 7424 --- [main] o.s.b.w.embedded.tomcat.TomcatWebServer  : Tomcat initialized with port(s): 8085 (http)
2021-11-16 00:32:42.476  INFO 7424 --- [main] o.apache.catalina.core.StandardService   : Starting service [Tomcat]
2021-11-16 00:32:42.476  INFO 7424 --- [main] org.apache.catalina.core.StandardEngine  : Starting Servlet engine: [Apache Tomcat/9.0.17]
2021-11-16 00:32:42.741  INFO 7424 --- [main] o.a.c.c.C.[.[localhost].[/SpringMVC]     : Initializing Spring embedded WebApplicationContext
2021-11-16 00:32:42.741  INFO 7424 --- [main] o.s.web.context.ContextLoader            : Root WebApplicationContext: initialization completed in 2315 ms
2021-11-16 00:32:42.976  INFO 7424 --- [main] com.zaxxer.hikari.HikariDataSource       : HikariPool-1 - Starting...
2021-11-16 00:32:43.178  INFO 7424 --- [main] com.zaxxer.hikari.HikariDataSource       : HikariPool-1 - Start completed.
2021-11-16 00:32:43.241  INFO 7424 --- [main] o.hibernate.jpa.internal.util.LogHelper  : HHH000204: Processing PersistenceUnitInfo [
	name: default
	...]
2021-11-16 00:32:43.366  INFO 7424 --- [main] org.hibernate.Version                    : HHH000412: Hibernate Core {5.3.9.Final}
2021-11-16 00:32:43.366  INFO 7424 --- [main] org.hibernate.cfg.Environment            : HHH000206: hibernate.properties not found
2021-11-16 00:32:43.537  INFO 7424 --- [main] o.hibernate.annotations.common.Version   : HCANN000001: Hibernate Commons Annotations {5.0.4.Final}
2021-11-16 00:32:43.721  INFO 7424 --- [main] org.hibernate.dialect.Dialect            : HHH000400: Using dialect: org.hibernate.dialect.MySQL5Dialect
2021-11-16 00:32:44.778  INFO 7424 --- [main] j.LocalContainerEntityManagerFactoryBean : Initialized JPA EntityManagerFactory for persistence unit 'default'
2021-11-16 00:32:45.231  INFO 7424 --- [main] o.h.h.i.QueryTranslatorFactoryInitiator  : HHH000397: Using ASTQueryTranslatorFactory
2021-11-16 00:32:46.012  INFO 7424 --- [main] o.s.s.concurrent.ThreadPoolTaskExecutor  : Initializing ExecutorService 'applicationTaskExecutor'
2021-11-16 00:32:46.083  WARN 7424 --- [main] aWebConfiguration$JpaWebMvcConfiguration : spring.jpa.open-in-view is enabled by default. Therefore, database queries may be performed during view rendering. Explicitly configure spring.jpa.open-in-view to disable this warning
2021-11-16 00:32:46.364 ERROR 7424 --- [main] org.apache.catalina.util.LifecycleBase   : Failed to start component [Connector[HTTP/1.1-8085]]

org.apache.catalina.LifecycleException: Protocol handler start failed
	at org.apache.catalina.connector.Connector.startInternal(Connector.java:1008) ~[tomcat-embed-core-9.0.17.jar:9.0.17]
	at org.apache.catalina.util.LifecycleBase.start(LifecycleBase.java:183) ~[tomcat-embed-core-9.0.17.jar:9.0.17]
	at org.apache.catalina.core.StandardService.addConnector(StandardService.java:226) [tomcat-embed-core-9.0.17.jar:9.0.17]
	at org.springframework.boot.web.embedded.tomcat.TomcatWebServer.addPreviouslyRemovedConnectors(TomcatWebServer.java:259) [spring-boot-2.1.4.RELEASE.jar:2.1.4.RELEASE]
	at org.springframework.boot.web.embedded.tomcat.TomcatWebServer.start(TomcatWebServer.java:197) [spring-boot-2.1.4.RELEASE.jar:2.1.4.RELEASE]
	at org.springframework.boot.web.servlet.context.ServletWebServerApplicationContext.startWebServer(ServletWebServerApplicationContext.java:311) [spring-boot-2.1.4.RELEASE.jar:2.1.4.RELEASE]
	at org.springframework.boot.web.servlet.context.ServletWebServerApplicationContext.finishRefresh(ServletWebServerApplicationContext.java:164) [spring-boot-2.1.4.RELEASE.jar:2.1.4.RELEASE]
	at org.springframework.context.support.AbstractApplicationContext.refresh(AbstractApplicationContext.java:552) [spring-context-5.1.6.RELEASE.jar:5.1.6.RELEASE]
	at org.springframework.boot.web.servlet.context.ServletWebServerApplicationContext.refresh(ServletWebServerApplicationContext.java:142) [spring-boot-2.1.4.RELEASE.jar:2.1.4.RELEASE]
	at org.springframework.boot.SpringApplication.refresh(SpringApplication.java:775) [spring-boot-2.1.4.RELEASE.jar:2.1.4.RELEASE]
	at org.springframework.boot.SpringApplication.refreshContext(SpringApplication.java:397) [spring-boot-2.1.4.RELEASE.jar:2.1.4.RELEASE]
	at org.springframework.boot.SpringApplication.run(SpringApplication.java:316) [spring-boot-2.1.4.RELEASE.jar:2.1.4.RELEASE]
	at org.springframework.boot.SpringApplication.run(SpringApplication.java:1260) [spring-boot-2.1.4.RELEASE.jar:2.1.4.RELEASE]
	at org.springframework.boot.SpringApplication.run(SpringApplication.java:1248) [spring-boot-2.1.4.RELEASE.jar:2.1.4.RELEASE]
	at tn.esprit.spring.TimesheetSpringBootCoreDataJpaMvcRest1Application.main(TimesheetSpringBootCoreDataJpaMvcRest1Application.java:10) [classes/:na]
Caused by: java.net.BindException: Address already in use: bind
	at sun.nio.ch.Net.bind0(Native Method) ~[na:1.8.0_202]
	at sun.nio.ch.Net.bind(Net.java:433) ~[na:1.8.0_202]
	at sun.nio.ch.Net.bind(Net.java:425) ~[na:1.8.0_202]
	at sun.nio.ch.ServerSocketChannelImpl.bind(ServerSocketChannelImpl.java:223) ~[na:1.8.0_202]
	at sun.nio.ch.ServerSocketAdaptor.bind(ServerSocketAdaptor.java:74) ~[na:1.8.0_202]
	at org.apache.tomcat.util.net.NioEndpoint.initServerSocket(NioEndpoint.java:236) ~[tomcat-embed-core-9.0.17.jar:9.0.17]
	at org.apache.tomcat.util.net.NioEndpoint.bind(NioEndpoint.java:210) ~[tomcat-embed-core-9.0.17.jar:9.0.17]
	at org.apache.tomcat.util.net.AbstractEndpoint.bindWithCleanup(AbstractEndpoint.java:1103) ~[tomcat-embed-core-9.0.17.jar:9.0.17]
	at org.apache.tomcat.util.net.AbstractEndpoint.start(AbstractEndpoint.java:1189) ~[tomcat-embed-core-9.0.17.jar:9.0.17]
	at org.apache.coyote.AbstractProtocol.start(AbstractProtocol.java:568) ~[tomcat-embed-core-9.0.17.jar:9.0.17]
	at org.apache.catalina.connector.Connector.startInternal(Connector.java:1005) ~[tomcat-embed-core-9.0.17.jar:9.0.17]
	... 14 common frames omitted

2021-11-16 00:32:46.380  INFO 7424 --- [main] o.apache.catalina.core.StandardService   : Stopping service [Tomcat]
2021-11-16 00:32:46.395  INFO 7424 --- [main] ConditionEvaluationReportLoggingListener : 

Error starting ApplicationContext. To display the conditions report re-run your application with 'debug' enabled.
2021-11-16 00:32:46.395 ERROR 7424 --- [main] o.s.b.d.LoggingFailureAnalysisReporter   : 

***************************
APPLICATION FAILED TO START
***************************

Description:

The Tomcat connector configured to listen on port 8085 failed to start. The port may already be in use or the connector may be misconfigured.

Action:

Verify the connector's configuration, identify and stop any process that's listening on port 8085, or configure this application to listen on another port.

2021-11-16 00:32:46.395  INFO 7424 --- [main] o.s.s.concurrent.ThreadPoolTaskExecutor  : Shutting down ExecutorService 'applicationTaskExecutor'
2021-11-16 00:32:46.395  INFO 7424 --- [main] j.LocalContainerEntityManagerFactoryBean : Closing JPA EntityManagerFactory for persistence unit 'default'
2021-11-16 00:32:46.411  INFO 7424 --- [main] com.zaxxer.hikari.HikariDataSource       : HikariPool-1 - Shutdown initiated...
2021-11-16 00:32:46.411  INFO 7424 --- [main] com.zaxxer.hikari.HikariDataSource       : HikariPool-1 - Shutdown completed.
2021-11-16 00:33:19.408  INFO 5452 --- [main] SpringBootCoreDataJpaMvcRest1Application : Starting TimesheetSpringBootCoreDataJpaMvcRest1Application on DESKTOP-AA2FSF5 with PID 5452 (C:\Users\Lenovo\Desktop\TimesheetProject\target\classes started by Lenovo in C:\Users\Lenovo\Desktop\TimesheetProject)
2021-11-16 00:33:19.424  INFO 5452 --- [main] SpringBootCoreDataJpaMvcRest1Application : No active profile set, falling back to default profiles: default
2021-11-16 00:33:20.455  INFO 5452 --- [main] .s.d.r.c.RepositoryConfigurationDelegate : Bootstrapping Spring Data repositories in DEFAULT mode.
2021-11-16 00:33:20.589  INFO 5452 --- [main] .s.d.r.c.RepositoryConfigurationDelegate : Finished Spring Data repository scanning in 125ms. Found 6 repository interfaces.
2021-11-16 00:33:21.104  INFO 5452 --- [main] trationDelegate$BeanPostProcessorChecker : Bean 'org.springframework.transaction.annotation.ProxyTransactionManagementConfiguration' of type [org.springframework.transaction.annotation.ProxyTransactionManagementConfiguration$$EnhancerBySpringCGLIB$$d1aae699] is not eligible for getting processed by all BeanPostProcessors (for example: not eligible for auto-proxying)
2021-11-16 00:33:21.573  INFO 5452 --- [main] o.s.b.w.embedded.tomcat.TomcatWebServer  : Tomcat initialized with port(s): 8085 (http)
2021-11-16 00:33:21.611  INFO 5452 --- [main] o.apache.catalina.core.StandardService   : Starting service [Tomcat]
2021-11-16 00:33:21.611  INFO 5452 --- [main] org.apache.catalina.core.StandardEngine  : Starting Servlet engine: [Apache Tomcat/9.0.17]
2021-11-16 00:33:21.861  INFO 5452 --- [main] o.a.c.c.C.[.[localhost].[/SpringMVC]     : Initializing Spring embedded WebApplicationContext
2021-11-16 00:33:21.861  INFO 5452 --- [main] o.s.web.context.ContextLoader            : Root WebApplicationContext: initialization completed in 2375 ms
2021-11-16 00:33:22.111  INFO 5452 --- [main] com.zaxxer.hikari.HikariDataSource       : HikariPool-1 - Starting...
2021-11-16 00:33:22.252  INFO 5452 --- [main] com.zaxxer.hikari.HikariDataSource       : HikariPool-1 - Start completed.
2021-11-16 00:33:22.314  INFO 5452 --- [main] o.hibernate.jpa.internal.util.LogHelper  : HHH000204: Processing PersistenceUnitInfo [
	name: default
	...]
2021-11-16 00:33:22.408  INFO 5452 --- [main] org.hibernate.Version                    : HHH000412: Hibernate Core {5.3.9.Final}
2021-11-16 00:33:22.408  INFO 5452 --- [main] org.hibernate.cfg.Environment            : HHH000206: hibernate.properties not found
2021-11-16 00:33:22.580  INFO 5452 --- [main] o.hibernate.annotations.common.Version   : HCANN000001: Hibernate Commons Annotations {5.0.4.Final}
2021-11-16 00:33:22.767  INFO 5452 --- [main] org.hibernate.dialect.Dialect            : HHH000400: Using dialect: org.hibernate.dialect.MySQL5Dialect
2021-11-16 00:33:23.877  INFO 5452 --- [main] j.LocalContainerEntityManagerFactoryBean : Initialized JPA EntityManagerFactory for persistence unit 'default'
2021-11-16 00:33:24.295  INFO 5452 --- [main] o.h.h.i.QueryTranslatorFactoryInitiator  : HHH000397: Using ASTQueryTranslatorFactory
2021-11-16 00:33:25.108  INFO 5452 --- [main] o.s.s.concurrent.ThreadPoolTaskExecutor  : Initializing ExecutorService 'applicationTaskExecutor'
2021-11-16 00:33:25.163  WARN 5452 --- [main] aWebConfiguration$JpaWebMvcConfiguration : spring.jpa.open-in-view is enabled by default. Therefore, database queries may be performed during view rendering. Explicitly configure spring.jpa.open-in-view to disable this warning
2021-11-16 00:33:25.460  INFO 5452 --- [main] o.s.b.w.embedded.tomcat.TomcatWebServer  : Tomcat started on port(s): 8085 (http) with context path '/SpringMVC'
2021-11-16 00:33:25.460  INFO 5452 --- [main] SpringBootCoreDataJpaMvcRest1Application : Started TimesheetSpringBootCoreDataJpaMvcRest1Application in 6.553 seconds (JVM running for 7.377)
2021-11-16 00:33:48.436  INFO 5452 --- [http-nio-8085-exec-1] o.a.c.c.C.[.[localhost].[/SpringMVC]     : Initializing Spring DispatcherServlet 'dispatcherServlet'
2021-11-16 00:33:48.436  INFO 5452 --- [http-nio-8085-exec-1] o.s.web.servlet.DispatcherServlet        : Initializing Servlet 'dispatcherServlet'
2021-11-16 00:33:48.450  INFO 5452 --- [http-nio-8085-exec-1] o.s.web.servlet.DispatcherServlet        : Completed initialization in 14 ms
2021-11-16 01:34:54.230  INFO 5452 --- [RMI TCP Connection(2)-127.0.0.1] inMXBeanRegistrar$SpringApplicationAdmin : Application shutdown requested.
2021-11-16 01:34:54.248  INFO 5452 --- [RMI TCP Connection(2)-127.0.0.1] o.s.s.concurrent.ThreadPoolTaskExecutor  : Shutting down ExecutorService 'applicationTaskExecutor'
2021-11-16 01:34:54.248  INFO 5452 --- [RMI TCP Connection(2)-127.0.0.1] j.LocalContainerEntityManagerFactoryBean : Closing JPA EntityManagerFactory for persistence unit 'default'
2021-11-16 01:34:54.248  INFO 5452 --- [RMI TCP Connection(2)-127.0.0.1] com.zaxxer.hikari.HikariDataSource       : HikariPool-1 - Shutdown initiated...
2021-11-16 01:34:54.264  INFO 5452 --- [RMI TCP Connection(2)-127.0.0.1] com.zaxxer.hikari.HikariDataSource       : HikariPool-1 - Shutdown completed.
2021-11-16 01:49:12.736  INFO 9260 --- [main] SpringBootCoreDataJpaMvcRest1Application : Starting TimesheetSpringBootCoreDataJpaMvcRest1Application on DESKTOP-AA2FSF5 with PID 9260 (C:\Users\Lenovo\Desktop\TimesheetProject\target\classes started by Lenovo in C:\Users\Lenovo\Desktop\TimesheetProject)
2021-11-16 01:49:12.736  INFO 9260 --- [main] SpringBootCoreDataJpaMvcRest1Application : No active profile set, falling back to default profiles: default
2021-11-16 01:49:13.782  INFO 9260 --- [main] .s.d.r.c.RepositoryConfigurationDelegate : Bootstrapping Spring Data repositories in DEFAULT mode.
2021-11-16 01:49:13.920  INFO 9260 --- [main] .s.d.r.c.RepositoryConfigurationDelegate : Finished Spring Data repository scanning in 125ms. Found 6 repository interfaces.
2021-11-16 01:49:14.436  INFO 9260 --- [main] trationDelegate$BeanPostProcessorChecker : Bean 'org.springframework.transaction.annotation.ProxyTransactionManagementConfiguration' of type [org.springframework.transaction.annotation.ProxyTransactionManagementConfiguration$$EnhancerBySpringCGLIB$$7ab8d897] is not eligible for getting processed by all BeanPostProcessors (for example: not eligible for auto-proxying)
2021-11-16 01:49:14.920  INFO 9260 --- [main] o.s.b.w.embedded.tomcat.TomcatWebServer  : Tomcat initialized with port(s): 8085 (http)
2021-11-16 01:49:14.946  INFO 9260 --- [main] o.apache.catalina.core.StandardService   : Starting service [Tomcat]
2021-11-16 01:49:14.946  INFO 9260 --- [main] org.apache.catalina.core.StandardEngine  : Starting Servlet engine: [Apache Tomcat/9.0.17]
2021-11-16 01:49:15.195  INFO 9260 --- [main] o.a.c.c.C.[.[localhost].[/SpringMVC]     : Initializing Spring embedded WebApplicationContext
2021-11-16 01:49:15.195  INFO 9260 --- [main] o.s.web.context.ContextLoader            : Root WebApplicationContext: initialization completed in 2350 ms
2021-11-16 01:49:15.430  INFO 9260 --- [main] com.zaxxer.hikari.HikariDataSource       : HikariPool-1 - Starting...
2021-11-16 01:49:15.586  INFO 9260 --- [main] com.zaxxer.hikari.HikariDataSource       : HikariPool-1 - Start completed.
2021-11-16 01:49:15.648  INFO 9260 --- [main] o.hibernate.jpa.internal.util.LogHelper  : HHH000204: Processing PersistenceUnitInfo [
	name: default
	...]
2021-11-16 01:49:15.742  INFO 9260 --- [main] org.hibernate.Version                    : HHH000412: Hibernate Core {5.3.9.Final}
2021-11-16 01:49:15.742  INFO 9260 --- [main] org.hibernate.cfg.Environment            : HHH000206: hibernate.properties not found
2021-11-16 01:49:15.914  INFO 9260 --- [main] o.hibernate.annotations.common.Version   : HCANN000001: Hibernate Commons Annotations {5.0.4.Final}
2021-11-16 01:49:16.086  INFO 9260 --- [main] org.hibernate.dialect.Dialect            : HHH000400: Using dialect: org.hibernate.dialect.MySQL5Dialect
2021-11-16 01:49:17.131  INFO 9260 --- [main] j.LocalContainerEntityManagerFactoryBean : Initialized JPA EntityManagerFactory for persistence unit 'default'
2021-11-16 01:49:17.600  INFO 9260 --- [main] o.h.h.i.QueryTranslatorFactoryInitiator  : HHH000397: Using ASTQueryTranslatorFactory
2021-11-16 01:49:18.381  INFO 9260 --- [main] o.s.s.concurrent.ThreadPoolTaskExecutor  : Initializing ExecutorService 'applicationTaskExecutor'
2021-11-16 01:49:18.459  WARN 9260 --- [main] aWebConfiguration$JpaWebMvcConfiguration : spring.jpa.open-in-view is enabled by default. Therefore, database queries may be performed during view rendering. Explicitly configure spring.jpa.open-in-view to disable this warning
2021-11-16 01:49:18.756  INFO 9260 --- [main] o.s.b.w.embedded.tomcat.TomcatWebServer  : Tomcat started on port(s): 8085 (http) with context path '/SpringMVC'
2021-11-16 01:49:18.756  INFO 9260 --- [main] SpringBootCoreDataJpaMvcRest1Application : Started TimesheetSpringBootCoreDataJpaMvcRest1Application in 6.513 seconds (JVM running for 7.36)
2021-11-16 02:40:36.585  INFO 9260 --- [RMI TCP Connection(2)-127.0.0.1] inMXBeanRegistrar$SpringApplicationAdmin : Application shutdown requested.
2021-11-16 02:40:36.589  INFO 9260 --- [RMI TCP Connection(2)-127.0.0.1] o.s.s.concurrent.ThreadPoolTaskExecutor  : Shutting down ExecutorService 'applicationTaskExecutor'
2021-11-16 02:40:36.592  INFO 9260 --- [RMI TCP Connection(2)-127.0.0.1] j.LocalContainerEntityManagerFactoryBean : Closing JPA EntityManagerFactory for persistence unit 'default'
2021-11-16 02:40:36.599  INFO 9260 --- [RMI TCP Connection(2)-127.0.0.1] com.zaxxer.hikari.HikariDataSource       : HikariPool-1 - Shutdown initiated...
2021-11-16 02:40:36.611  INFO 9260 --- [RMI TCP Connection(2)-127.0.0.1] com.zaxxer.hikari.HikariDataSource       : HikariPool-1 - Shutdown completed.
2021-11-16 02:40:58.813  INFO 8884 --- [main] SpringBootCoreDataJpaMvcRest1Application : Starting TimesheetSpringBootCoreDataJpaMvcRest1Application on DESKTOP-AA2FSF5 with PID 8884 (C:\Users\Lenovo\Desktop\TimesheetProject\target\classes started by Lenovo in C:\Users\Lenovo\Desktop\TimesheetProject)
2021-11-16 02:40:58.820  INFO 8884 --- [main] SpringBootCoreDataJpaMvcRest1Application : No active profile set, falling back to default profiles: default
2021-11-16 02:41:00.056  INFO 8884 --- [main] .s.d.r.c.RepositoryConfigurationDelegate : Bootstrapping Spring Data repositories in DEFAULT mode.
2021-11-16 02:41:00.203  INFO 8884 --- [main] .s.d.r.c.RepositoryConfigurationDelegate : Finished Spring Data repository scanning in 134ms. Found 6 repository interfaces.
2021-11-16 02:41:00.782  INFO 8884 --- [main] trationDelegate$BeanPostProcessorChecker : Bean 'org.springframework.transaction.annotation.ProxyTransactionManagementConfiguration' of type [org.springframework.transaction.annotation.ProxyTransactionManagementConfiguration$$EnhancerBySpringCGLIB$$a3c02c2c] is not eligible for getting processed by all BeanPostProcessors (for example: not eligible for auto-proxying)
2021-11-16 02:41:01.342  INFO 8884 --- [main] o.s.b.w.embedded.tomcat.TomcatWebServer  : Tomcat initialized with port(s): 8085 (http)
2021-11-16 02:41:01.374  INFO 8884 --- [main] o.apache.catalina.core.StandardService   : Starting service [Tomcat]
2021-11-16 02:41:01.375  INFO 8884 --- [main] org.apache.catalina.core.StandardEngine  : Starting Servlet engine: [Apache Tomcat/9.0.17]
2021-11-16 02:41:01.661  INFO 8884 --- [main] o.a.c.c.C.[.[localhost].[/SpringMVC]     : Initializing Spring embedded WebApplicationContext
2021-11-16 02:41:01.662  INFO 8884 --- [main] o.s.web.context.ContextLoader            : Root WebApplicationContext: initialization completed in 2692 ms
2021-11-16 02:41:01.952  INFO 8884 --- [main] com.zaxxer.hikari.HikariDataSource       : HikariPool-1 - Starting...
2021-11-16 02:41:02.155  INFO 8884 --- [main] com.zaxxer.hikari.HikariDataSource       : HikariPool-1 - Start completed.
2021-11-16 02:41:02.214  INFO 8884 --- [main] o.hibernate.jpa.internal.util.LogHelper  : HHH000204: Processing PersistenceUnitInfo [
	name: default
	...]
2021-11-16 02:41:02.326  INFO 8884 --- [main] org.hibernate.Version                    : HHH000412: Hibernate Core {5.3.9.Final}
2021-11-16 02:41:02.328  INFO 8884 --- [main] org.hibernate.cfg.Environment            : HHH000206: hibernate.properties not found
2021-11-16 02:41:02.556  INFO 8884 --- [main] o.hibernate.annotations.common.Version   : HCANN000001: Hibernate Commons Annotations {5.0.4.Final}
2021-11-16 02:41:02.766  INFO 8884 --- [main] org.hibernate.dialect.Dialect            : HHH000400: Using dialect: org.hibernate.dialect.MySQL5Dialect
2021-11-16 02:41:04.003  INFO 8884 --- [main] j.LocalContainerEntityManagerFactoryBean : Initialized JPA EntityManagerFactory for persistence unit 'default'
2021-11-16 02:41:04.552  INFO 8884 --- [main] o.h.h.i.QueryTranslatorFactoryInitiator  : HHH000397: Using ASTQueryTranslatorFactory
2021-11-16 02:41:05.550  INFO 8884 --- [main] o.s.s.concurrent.ThreadPoolTaskExecutor  : Initializing ExecutorService 'applicationTaskExecutor'
2021-11-16 02:41:05.638  WARN 8884 --- [main] aWebConfiguration$JpaWebMvcConfiguration : spring.jpa.open-in-view is enabled by default. Therefore, database queries may be performed during view rendering. Explicitly configure spring.jpa.open-in-view to disable this warning
2021-11-16 02:41:06.009  INFO 8884 --- [main] o.s.b.w.embedded.tomcat.TomcatWebServer  : Tomcat started on port(s): 8085 (http) with context path '/SpringMVC'
2021-11-16 02:41:06.011  INFO 8884 --- [main] SpringBootCoreDataJpaMvcRest1Application : Started TimesheetSpringBootCoreDataJpaMvcRest1Application in 7.781 seconds (JVM running for 9.797)
2021-11-16 02:41:20.485  INFO 8884 --- [RMI TCP Connection(2)-127.0.0.1] inMXBeanRegistrar$SpringApplicationAdmin : Application shutdown requested.
2021-11-16 02:41:20.488  INFO 8884 --- [RMI TCP Connection(2)-127.0.0.1] o.s.s.concurrent.ThreadPoolTaskExecutor  : Shutting down ExecutorService 'applicationTaskExecutor'
2021-11-16 02:41:20.492  INFO 8884 --- [RMI TCP Connection(2)-127.0.0.1] j.LocalContainerEntityManagerFactoryBean : Closing JPA EntityManagerFactory for persistence unit 'default'
2021-11-16 02:41:20.496  INFO 8884 --- [RMI TCP Connection(2)-127.0.0.1] com.zaxxer.hikari.HikariDataSource       : HikariPool-1 - Shutdown initiated...
2021-11-16 02:41:20.507  INFO 8884 --- [RMI TCP Connection(2)-127.0.0.1] com.zaxxer.hikari.HikariDataSource       : HikariPool-1 - Shutdown completed.
